delta:	  0.95
<<<<<<<<<<<<<<<<<Board after  0  iterations>>>>>>>>>>>>>>>>

 w  w  19.00  w

 0.00  0.00  0.00  0.00

 0.00  -19.00  w  0.00

 0.00  0.00  0.00  0.00

<<<<<<<<<<<<<<<<<Board after  1  iterations>>>>>>>>>>>>>>>>

 w  w  19.00  w

 -0.95  -0.95  14.25  -0.95

 -0.95  -19.00  w  -0.95

 -0.95  -0.95  -0.95  -0.95

<<<<<<<<<<<<<<<<<Board after  2  iterations>>>>>>>>>>>>>>>>

 w  w  19.00  w

 -1.04  8.55  14.06  10.36

 -1.14  -19.00  w  -1.14

 -1.04  -1.14  -1.14  -1.04

<<<<<<<<<<<<<<<<<Board after  3  iterations>>>>>>>>>>>>>>>>

 w  w  19.00  w

 5.78  8.40  16.14  10.18

 -1.16  -19.00  w  7.33

 -1.06  -1.17  -1.17  -1.06

<<<<<<<<<<<<<<<<<Board after  4  iterations>>>>>>>>>>>>>>>>

 w  w  19.00  w

 5.65  10.06  16.11  12.70

 1.77  -19.00  w  7.20

 -1.07  -1.17  -1.17  4.80

<<<<<<<<<<<<<<<<<Board after  5  iterations>>>>>>>>>>>>>>>>

 w  w  19.00  w

 7.28  10.04  16.53  12.66

 1.67  -19.00  w  9.21

 0.35  -1.17  2.89  4.69

<<<<<<<<<<<<<<<<<Board after  6  iterations>>>>>>>>>>>>>>>>

 w  w  19.00  w

 7.25  10.37  16.52  13.19

 2.97  -19.00  w  9.18

 0.27  -0.54  2.80  6.70

<<<<<<<<<<<<<<<<<Board after  7  iterations>>>>>>>>>>>>>>>>

 w  w  19.00  w

 7.64  10.37  16.61  13.18

 2.95  -19.00  w  9.60

 1.37  -0.61  4.41  6.67

<<<<<<<<<<<<<<<<<Board after  8  iterations>>>>>>>>>>>>>>>>

 w  w  19.00  w

 7.64  10.43  16.60  13.30

 3.26  -19.00  w  9.60

 1.35  0.68  4.39  7.17

final board
no of iterations=  9
<<<<<<<<<<<<<<<<<Board after  9  iterations>>>>>>>>>>>>>>>>

 w  w  19.00  w

 7.72  10.43  16.62  13.29

 3.26  -19.00  w  9.69

 1.73  0.66  4.79  7.17

